<?xml version="1.0" encoding="utf-8"?><testsuites name="pytest tests"><testsuite name="pytest" errors="0" failures="1" skipped="0" tests="45" time="3.468" timestamp="2026-09-23T15:10:43.335646-05:00" hostname="yamaguchi"><testcase classname="src.tests.unit.frontend.test_poll_gating.TestGatedIntervalRegistry" name="test_registry_ids_all_exist_in_layout" time="2.352" /><testcase classname="src.tests.unit.frontend.test_poll_gating.TestGatedIntervalRegistry" name="test_exactly_one_writer_per_disabled_prop" time="0.005" /><testcase classname="src.tests.unit.frontend.test_poll_gating.TestGatedIntervalRegistry" name="test_shared_lanes_are_not_tab_gated" time="0.001" /><testcase classname="src.tests.unit.frontend.test_poll_gating.TestStrandWatchdog" name="test_watchdog_exists_and_is_single_output" time="0.001" /><testcase classname="src.tests.unit.frontend.test_poll_gating.TestStrandWatchdog" name="test_watchdog_rides_an_existing_lane_and_adds_no_poller" time="0.001" /><testcase classname="src.tests.unit.frontend.test_poll_gating.TestStrandWatchdog" name="test_watchdog_reads_the_prop_and_the_clamp_as_state" time="0.001" /><testcase classname="src.tests.unit.frontend.test_poll_gating.TestStrandWatchdog" name="test_watchdog_only_ever_writes_false" time="0.002" /><testcase classname="src.tests.unit.frontend.test_poll_gating.TestStrandWatchdog" name="test_watchdog_never_fires_while_the_apply_clamp_is_engaged" time="0.001" /><testcase classname="src.tests.unit.frontend.test_poll_gating.TestStrandWatchdog" name="test_watchdog_threshold_is_far_above_the_worst_round_trip" time="0.001" /><testcase classname="src.tests.unit.frontend.test_poll_gating.TestStrandWatchdog" name="test_threshold_is_interpolated_into_the_javascript" time="0.001" /><testcase classname="src.tests.unit.frontend.test_poll_gating.TestStrandWatchdog" name="test_watchdog_behaviour_under_node" time="0.042" /><testcase classname="src.tests.unit.frontend.test_poll_gating.TestStatusBarStrandWatchdog" name="test_watchdog_exists_and_is_single_output" time="0.002" /><testcase classname="src.tests.unit.frontend.test_poll_gating.TestStatusBarStrandWatchdog" name="test_watchdog_rides_an_existing_lane_and_adds_no_poller" time="0.002" /><testcase classname="src.tests.unit.frontend.test_poll_gating.TestStatusBarStrandWatchdog" name="test_watchdog_reads_the_prop_and_the_clamp_as_state" time="0.002" /><testcase classname="src.tests.unit.frontend.test_poll_gating.TestStatusBarStrandWatchdog" name="test_watchdog_only_ever_writes_false" time="0.001" /><testcase classname="src.tests.unit.frontend.test_poll_gating.TestStatusBarStrandWatchdog" name="test_watchdog_never_fires_while_the_apply_clamp_is_engaged" time="0.001" /><testcase classname="src.tests.unit.frontend.test_poll_gating.TestStatusBarStrandWatchdog" name="test_watchdog_threshold_is_far_above_the_worst_round_trip" time="0.001" /><testcase classname="src.tests.unit.frontend.test_poll_gating.TestStatusBarStrandWatchdog" name="test_threshold_is_interpolated_into_the_javascript" time="0.001" /><testcase classname="src.tests.unit.frontend.test_poll_gating.TestStatusBarStrandWatchdog" name="test_watchdog_behaviour_under_node" time="0.039" /><testcase classname="src.tests.unit.frontend.test_poll_gating.TestStatusBarStrandWatchdog" name="test_the_two_watchdogs_keep_separate_clocks" time="0.002"><failure message="AssertionError: the watchdogs share a clock: {'metrics-store-interval': {'__metricsStoreDisabledSince'}, 'status-bar-interval': {'__metricsStoreDisabledSince'}}&#10;assert 1 == 2&#10; +  where 1 = len({'__metricsStoreDisabledSince'})&#10; +  and   2 = len(('metrics-store-interval', 'status-bar-interval'))">src/tests/unit/frontend/test_poll_gating.py:392: in test_the_two_watchdogs_keep_separate_clocks
    assert len({next(iter(names)) for names in clocks.values()}) == len(GUARDED_LANES), f"the watchdogs share a clock: {clocks}"
E   AssertionError: the watchdogs share a clock: {'metrics-store-interval': {'__metricsStoreDisabledSince'}, 'status-bar-interval': {'__metricsStoreDisabledSince'}}
E   assert 1 == 2
E    +  where 1 = len({'__metricsStoreDisabledSince'})
E    +  and   2 = len(('metrics-store-interval', 'status-bar-interval'))</failure></testcase><testcase classname="src.tests.unit.frontend.test_poll_gating.TestRunningGuardsNeverContendWithTheTabGate" name="test_no_running_guard_writes_a_tab_gated_disabled_prop" time="0.001" /><testcase classname="src.tests.unit.frontend.test_poll_gating.TestRunningGuardsNeverContendWithTheTabGate" name="test_no_running_guard_touches_the_candidate_lane" time="0.001" /><testcase classname="src.tests.unit.frontend.test_poll_gating.TestRunningGuardsNeverContendWithTheTabGate" name="test_the_candidate_lane_has_the_gate_as_its_only_writer" time="0.001" /><testcase classname="src.tests.unit.frontend.test_poll_gating.TestPerTabLanes" name="test_tabpoll_lane_starts_disabled[tabpoll-topology]" time="0.002" /><testcase classname="src.tests.unit.frontend.test_poll_gating.TestPerTabLanes" name="test_tabpoll_lane_starts_disabled[tabpoll-dataset]" time="0.002" /><testcase classname="src.tests.unit.frontend.test_poll_gating.TestPerTabLanes" name="test_tabpoll_lane_starts_disabled[tabpoll-workers]" time="0.002" /><testcase classname="src.tests.unit.frontend.test_poll_gating.TestPerTabLanes" name="test_tabpoll_lane_starts_disabled[tabpoll-boundaries]" time="0.002" /><testcase classname="src.tests.unit.frontend.test_poll_gating.TestPerTabLanes" name="test_panel_scoped_poller_is_off_the_shared_lanes[network-visualizer-topology-store.data-topology]" time="0.001" /><testcase classname="src.tests.unit.frontend.test_poll_gating.TestPerTabLanes" name="test_panel_scoped_poller_is_off_the_shared_lanes[network-visualizer-raw-topology-store.data-topology]" time="0.001" /><testcase classname="src.tests.unit.frontend.test_poll_gating.TestPerTabLanes" name="test_panel_scoped_poller_is_off_the_shared_lanes[dataset-plotter-dataset-store.data-dataset]" time="0.001" /><testcase classname="src.tests.unit.frontend.test_poll_gating.TestPerTabLanes" name="test_panel_scoped_poller_is_off_the_shared_lanes[worker-panel-workers-store.data-workers]" time="0.001" /><testcase classname="src.tests.unit.frontend.test_poll_gating.TestPerTabLanes" name="test_panel_scoped_poller_is_off_the_shared_lanes[decision-boundary-boundary-data.data-boundaries]" time="0.001" /><testcase classname="src.tests.unit.frontend.test_poll_gating.TestPerTabLanes" name="test_panel_scoped_poller_is_off_the_shared_lanes[decision-boundary-dataset-data.data-boundaries]" time="0.001" /><testcase classname="src.tests.unit.frontend.test_poll_gating.TestPerTabLanes" name="test_panel_scoped_poller_rides_its_own_tab_lane[network-visualizer-topology-store.data-topology]" time="0.001" /><testcase classname="src.tests.unit.frontend.test_poll_gating.TestPerTabLanes" name="test_panel_scoped_poller_rides_its_own_tab_lane[network-visualizer-raw-topology-store.data-topology]" time="0.001" /><testcase classname="src.tests.unit.frontend.test_poll_gating.TestPerTabLanes" name="test_panel_scoped_poller_rides_its_own_tab_lane[dataset-plotter-dataset-store.data-dataset]" time="0.001" /><testcase classname="src.tests.unit.frontend.test_poll_gating.TestPerTabLanes" name="test_panel_scoped_poller_rides_its_own_tab_lane[worker-panel-workers-store.data-workers]" time="0.001" /><testcase classname="src.tests.unit.frontend.test_poll_gating.TestPerTabLanes" name="test_panel_scoped_poller_rides_its_own_tab_lane[decision-boundary-boundary-data.data-boundaries]" time="0.001" /><testcase classname="src.tests.unit.frontend.test_poll_gating.TestPerTabLanes" name="test_panel_scoped_poller_rides_its_own_tab_lane[decision-boundary-dataset-data.data-boundaries]" time="0.001" /><testcase classname="src.tests.unit.frontend.test_poll_gating.TestGateSemantics" name="test_gate_reads_both_the_apply_clamp_and_the_active_tab" time="0.001" /><testcase classname="src.tests.unit.frontend.test_poll_gating.TestGateSemantics" name="test_gate_writes_every_registered_interval" time="0.001" /><testcase classname="src.tests.unit.frontend.test_poll_gating.TestGateSemantics" name="test_gate_is_clientside" time="0.001" /><testcase classname="src.tests.unit.frontend.test_poll_gating.TestDeadPollerRemoved" name="test_network_stats_store_has_no_writer" time="0.001" /><testcase classname="src.tests.unit.frontend.test_poll_gating.TestDeadPollerRemoved" name="test_network_stats_store_still_has_no_consumer" time="0.002" /><testcase classname="src.tests.unit.frontend.test_poll_gating.TestRegistryMatchesSpecification" name="test_source_registry_matches_the_spec" time="0.002" /></testsuite></testsuites>