<?xml version="1.0" encoding="utf-8"?><testsuites name="pytest tests"><testsuite name="pytest" errors="0" failures="4" skipped="0" tests="103" time="4.208" timestamp="2026-09-23T15:08:55.531471-05:00" hostname="yamaguchi"><testcase classname="src.tests.unit.frontend.test_f055_status_bar_own_lane.TestStatusBarRidesItsOwnGuardedLane" name="test_the_feeder_rides_its_own_lane" time="1.894"><failure message="AssertionError: the status-bar feeder's Inputs are ['fast-update-interval.n_intervals']&#10;assert ['fast-update....n_intervals'] == ['status-bar-....n_intervals']&#10;  &#10;  At index 0 diff: 'fast-update-interval.n_intervals' != 'status-bar-interval.n_intervals'&#10;  Use -v to get more diff">src/tests/unit/frontend/test_f055_status_bar_own_lane.py:110: in test_the_feeder_rides_its_own_lane
    assert inputs == [f"{LANE}.n_intervals"], f"the status-bar feeder's Inputs are {inputs}"
E   AssertionError: the status-bar feeder's Inputs are ['fast-update-interval.n_intervals']
E   assert ['fast-update....n_intervals'] == ['status-bar-....n_intervals']
E     
E     At index 0 diff: 'fast-update-interval.n_intervals' != 'status-bar-interval.n_intervals'
E     Use -v to get more diff</failure></testcase><testcase classname="src.tests.unit.frontend.test_f055_status_bar_own_lane.TestStatusBarRidesItsOwnGuardedLane" name="test_the_feeder_stops_its_own_clock_while_in_flight" time="0.004" /><testcase classname="src.tests.unit.frontend.test_f055_status_bar_own_lane.TestStatusBarRidesItsOwnGuardedLane" name="test_no_other_callback_takes_the_lane_as_an_input" time="0.003"><failure message="AssertionError: status-bar-interval has other consumers: []&#10;assert [] == [{'background...': None, ...}]&#10;  &#10;  Right contains one more item: {'background': None, 'clientside_function': None, 'dynamic_creator': None, 'hidden': None, ...}&#10;  Use -v to get more diff">src/tests/unit/frontend/test_f055_status_bar_own_lane.py:130: in test_no_other_callback_takes_the_lane_as_an_input
    assert consumers == [feeder], f"{LANE} has other consumers: {[sorted(_outputs(e)) for e in consumers if e is not feeder]}"
E   AssertionError: status-bar-interval has other consumers: []
E   assert [] == [{'background...': None, ...}]
E     
E     Right contains one more item: {'background': None, 'clientside_function': None, 'dynamic_creator': None, 'hidden': None, ...}
E     Use -v to get more diff</failure></testcase><testcase classname="src.tests.unit.frontend.test_f055_status_bar_own_lane.TestStatusBarRidesItsOwnGuardedLane" name="test_the_lane_is_declared_perpetual_and_enabled" time="0.003" /><testcase classname="src.tests.unit.frontend.test_f055_status_bar_own_lane.TestStatusBarRidesItsOwnGuardedLane" name="test_the_lane_is_registered_as_a_global_lane" time="0.001" /><testcase classname="src.tests.unit.frontend.test_f055_status_bar_own_lane.TestPremisesHoldOnBothSides" name="test_the_feeder_still_fires_at_mount" time="0.002" /><testcase classname="src.tests.unit.frontend.test_f055_status_bar_own_lane.TestPremisesHoldOnBothSides" name="test_the_feeder_is_the_only_writer_of_the_live_switch_gate" time="0.002" /><testcase classname="src.tests.unit.frontend.test_poll_gating.TestGatedIntervalRegistry" name="test_registry_ids_all_exist_in_layout" time="0.076" /><testcase classname="src.tests.unit.frontend.test_poll_gating.TestGatedIntervalRegistry" name="test_exactly_one_writer_per_disabled_prop" time="0.005" /><testcase classname="src.tests.unit.frontend.test_poll_gating.TestGatedIntervalRegistry" name="test_shared_lanes_are_not_tab_gated" time="0.001" /><testcase classname="src.tests.unit.frontend.test_poll_gating.TestStrandWatchdog" name="test_watchdog_exists_and_is_single_output" time="0.001" /><testcase classname="src.tests.unit.frontend.test_poll_gating.TestStrandWatchdog" name="test_watchdog_rides_an_existing_lane_and_adds_no_poller" time="0.001" /><testcase classname="src.tests.unit.frontend.test_poll_gating.TestStrandWatchdog" name="test_watchdog_reads_the_prop_and_the_clamp_as_state" time="0.001" /><testcase classname="src.tests.unit.frontend.test_poll_gating.TestStrandWatchdog" name="test_watchdog_only_ever_writes_false" time="0.001" /><testcase classname="src.tests.unit.frontend.test_poll_gating.TestStrandWatchdog" name="test_watchdog_never_fires_while_the_apply_clamp_is_engaged" time="0.001" /><testcase classname="src.tests.unit.frontend.test_poll_gating.TestStrandWatchdog" name="test_watchdog_threshold_is_far_above_the_worst_round_trip" time="0.001" /><testcase classname="src.tests.unit.frontend.test_poll_gating.TestStrandWatchdog" name="test_threshold_is_interpolated_into_the_javascript" time="0.001" /><testcase classname="src.tests.unit.frontend.test_poll_gating.TestStrandWatchdog" name="test_watchdog_behaviour_under_node" time="0.041" /><testcase classname="src.tests.unit.frontend.test_poll_gating.TestStatusBarStrandWatchdog" name="test_watchdog_exists_and_is_single_output" time="0.001" /><testcase classname="src.tests.unit.frontend.test_poll_gating.TestStatusBarStrandWatchdog" name="test_watchdog_rides_an_existing_lane_and_adds_no_poller" time="0.001" /><testcase classname="src.tests.unit.frontend.test_poll_gating.TestStatusBarStrandWatchdog" name="test_watchdog_reads_the_prop_and_the_clamp_as_state" time="0.001" /><testcase classname="src.tests.unit.frontend.test_poll_gating.TestStatusBarStrandWatchdog" name="test_watchdog_only_ever_writes_false" time="0.001" /><testcase classname="src.tests.unit.frontend.test_poll_gating.TestStatusBarStrandWatchdog" name="test_watchdog_never_fires_while_the_apply_clamp_is_engaged" time="0.001" /><testcase classname="src.tests.unit.frontend.test_poll_gating.TestStatusBarStrandWatchdog" name="test_watchdog_threshold_is_far_above_the_worst_round_trip" time="0.001" /><testcase classname="src.tests.unit.frontend.test_poll_gating.TestStatusBarStrandWatchdog" name="test_threshold_is_interpolated_into_the_javascript" time="0.001" /><testcase classname="src.tests.unit.frontend.test_poll_gating.TestStatusBarStrandWatchdog" name="test_watchdog_behaviour_under_node" time="0.045" /><testcase classname="src.tests.unit.frontend.test_poll_gating.TestStatusBarStrandWatchdog" name="test_the_two_watchdogs_keep_separate_clocks" time="0.001" /><testcase classname="src.tests.unit.frontend.test_poll_gating.TestRunningGuardsNeverContendWithTheTabGate" name="test_no_running_guard_writes_a_tab_gated_disabled_prop" time="0.001" /><testcase classname="src.tests.unit.frontend.test_poll_gating.TestRunningGuardsNeverContendWithTheTabGate" name="test_no_running_guard_touches_the_candidate_lane" time="0.001" /><testcase classname="src.tests.unit.frontend.test_poll_gating.TestRunningGuardsNeverContendWithTheTabGate" name="test_the_candidate_lane_has_the_gate_as_its_only_writer" time="0.001" /><testcase classname="src.tests.unit.frontend.test_poll_gating.TestPerTabLanes" name="test_tabpoll_lane_starts_disabled[tabpoll-topology]" time="0.002" /><testcase classname="src.tests.unit.frontend.test_poll_gating.TestPerTabLanes" name="test_tabpoll_lane_starts_disabled[tabpoll-dataset]" time="0.002" /><testcase classname="src.tests.unit.frontend.test_poll_gating.TestPerTabLanes" name="test_tabpoll_lane_starts_disabled[tabpoll-workers]" time="0.002" /><testcase classname="src.tests.unit.frontend.test_poll_gating.TestPerTabLanes" name="test_tabpoll_lane_starts_disabled[tabpoll-boundaries]" time="0.002" /><testcase classname="src.tests.unit.frontend.test_poll_gating.TestPerTabLanes" name="test_panel_scoped_poller_is_off_the_shared_lanes[network-visualizer-topology-store.data-topology]" time="0.001" /><testcase classname="src.tests.unit.frontend.test_poll_gating.TestPerTabLanes" name="test_panel_scoped_poller_is_off_the_shared_lanes[network-visualizer-raw-topology-store.data-topology]" time="0.001" /><testcase classname="src.tests.unit.frontend.test_poll_gating.TestPerTabLanes" name="test_panel_scoped_poller_is_off_the_shared_lanes[dataset-plotter-dataset-store.data-dataset]" time="0.001" /><testcase classname="src.tests.unit.frontend.test_poll_gating.TestPerTabLanes" name="test_panel_scoped_poller_is_off_the_shared_lanes[worker-panel-workers-store.data-workers]" time="0.001" /><testcase classname="src.tests.unit.frontend.test_poll_gating.TestPerTabLanes" name="test_panel_scoped_poller_is_off_the_shared_lanes[decision-boundary-boundary-data.data-boundaries]" time="0.001" /><testcase classname="src.tests.unit.frontend.test_poll_gating.TestPerTabLanes" name="test_panel_scoped_poller_is_off_the_shared_lanes[decision-boundary-dataset-data.data-boundaries]" time="0.001" /><testcase classname="src.tests.unit.frontend.test_poll_gating.TestPerTabLanes" name="test_panel_scoped_poller_rides_its_own_tab_lane[network-visualizer-topology-store.data-topology]" time="0.001" /><testcase classname="src.tests.unit.frontend.test_poll_gating.TestPerTabLanes" name="test_panel_scoped_poller_rides_its_own_tab_lane[network-visualizer-raw-topology-store.data-topology]" time="0.001" /><testcase classname="src.tests.unit.frontend.test_poll_gating.TestPerTabLanes" name="test_panel_scoped_poller_rides_its_own_tab_lane[dataset-plotter-dataset-store.data-dataset]" time="0.001" /><testcase classname="src.tests.unit.frontend.test_poll_gating.TestPerTabLanes" name="test_panel_scoped_poller_rides_its_own_tab_lane[worker-panel-workers-store.data-workers]" time="0.001" /><testcase classname="src.tests.unit.frontend.test_poll_gating.TestPerTabLanes" name="test_panel_scoped_poller_rides_its_own_tab_lane[decision-boundary-boundary-data.data-boundaries]" time="0.001" /><testcase classname="src.tests.unit.frontend.test_poll_gating.TestPerTabLanes" name="test_panel_scoped_poller_rides_its_own_tab_lane[decision-boundary-dataset-data.data-boundaries]" time="0.001" /><testcase classname="src.tests.unit.frontend.test_poll_gating.TestGateSemantics" name="test_gate_reads_both_the_apply_clamp_and_the_active_tab" time="0.001" /><testcase classname="src.tests.unit.frontend.test_poll_gating.TestGateSemantics" name="test_gate_writes_every_registered_interval" time="0.001" /><testcase classname="src.tests.unit.frontend.test_poll_gating.TestGateSemantics" name="test_gate_is_clientside" time="0.001" /><testcase classname="src.tests.unit.frontend.test_poll_gating.TestDeadPollerRemoved" name="test_network_stats_store_has_no_writer" time="0.001" /><testcase classname="src.tests.unit.frontend.test_poll_gating.TestDeadPollerRemoved" name="test_network_stats_store_still_has_no_consumer" time="0.001" /><testcase classname="src.tests.unit.frontend.test_poll_gating.TestRegistryMatchesSpecification" name="test_source_registry_matches_the_spec" time="0.001" /><testcase classname="src.tests.unit.frontend.test_stage2_global_lane.TestLever1Consolidation" name="test_merged_callbacks_exist_and_old_pollers_are_gone" time="0.058" /><testcase classname="src.tests.unit.frontend.test_stage2_global_lane.TestLever1Consolidation" name="test_global_lane_shape_is_pinned" time="0.002"><failure message="AssertionError: fast lane drifted: ['handle_button_timeout_and_acks', 'update_unified_status_bar']&#10;assert ['handle_butt...d_status_bar'] == ['handle_butt...out_and_acks']&#10;  &#10;  Left contains one more item: 'update_unified_status_bar'&#10;  Use -v to get more diff">src/tests/unit/frontend/test_stage2_global_lane.py:105: in test_global_lane_shape_is_pinned
    assert sorted(fast) == ["handle_button_timeout_and_acks"], f"fast lane drifted: {sorted(fast)}"
E   AssertionError: fast lane drifted: ['handle_button_timeout_and_acks', 'update_unified_status_bar']
E   assert ['handle_butt...d_status_bar'] == ['handle_butt...out_and_acks']
E     
E     Left contains one more item: 'update_unified_status_bar'
E     Use -v to get more diff</failure></testcase><testcase classname="src.tests.unit.frontend.test_stage2_global_lane.TestF035MetricsPollHasItsOwnGuardedLane" name="test_poll_rides_its_own_interval_not_a_shared_lane" time="0.001" /><testcase classname="src.tests.unit.frontend.test_stage2_global_lane.TestF035MetricsPollHasItsOwnGuardedLane" name="test_poll_stops_its_own_clock_while_in_flight" time="0.001" /><testcase classname="src.tests.unit.frontend.test_stage2_global_lane.TestF035MetricsPollHasItsOwnGuardedLane" name="test_the_guarded_interval_exists_in_the_layout" time="0.003" /><testcase classname="src.tests.unit.frontend.test_stage2_global_lane.TestF035MetricsPollHasItsOwnGuardedLane" name="test_full_history_modulus_gate_still_matches_the_live_trigger" time="0.002" /><testcase classname="src.tests.unit.frontend.test_stage2_global_lane.TestF053CandidateStatePollWiring" name="test_the_poll_carries_no_running_guard" time="0.001" /><testcase classname="src.tests.unit.frontend.test_stage2_global_lane.TestF053CandidateStatePollWiring" name="test_the_store_rides_as_its_own_state_not_an_input" time="0.001" /><testcase classname="src.tests.unit.frontend.test_stage2_global_lane.TestF053CandidateStatePollWiring" name="test_the_states_bind_in_the_order_the_function_reads_them" time="0.002" /><testcase classname="src.tests.unit.frontend.test_stage2_global_lane.TestF053CandidateStatePollWiring" name="test_the_poll_period_is_pinned" time="0.003" /><testcase classname="src.tests.unit.frontend.test_stage2_global_lane.TestLever2Suppression" name="test_swap_events_identical_fetch_is_no_update" time="0.002" /><testcase classname="src.tests.unit.frontend.test_stage2_global_lane.TestLever2Suppression" name="test_swap_events_changed_fetch_still_writes" time="0.002" /><testcase classname="src.tests.unit.frontend.test_stage2_global_lane.TestLever2Suppression" name="test_metrics_identical_fetch_is_no_update" time="0.016" /><testcase classname="src.tests.unit.frontend.test_stage2_global_lane.TestLever2Suppression" name="test_metrics_changed_fetch_still_writes" time="0.004" /><testcase classname="src.tests.unit.frontend.test_stage2_global_lane.TestLever2Suppression" name="test_boundary_identical_fetch_is_no_update" time="0.002" /><testcase classname="src.tests.unit.frontend.test_stage2_global_lane.TestLever2Suppression" name="test_boundary_changed_fetch_still_writes" time="0.002" /><testcase classname="src.tests.unit.frontend.test_stage2_global_lane.TestLever2Suppression" name="test_boundary_dataset_identical_fetch_is_no_update" time="0.002" /><testcase classname="src.tests.unit.frontend.test_stage2_global_lane.TestLever2Suppression" name="test_boundary_tab_gate_still_holds" time="0.001" /><testcase classname="src.tests.unit.frontend.test_stage2_global_lane.TestF039TopologyIdentitySuppression" name="test_identical_fetch_is_no_update" time="0.002" /><testcase classname="src.tests.unit.frontend.test_stage2_global_lane.TestF039TopologyIdentitySuppression" name="test_changed_fetch_still_writes" time="0.002" /><testcase classname="src.tests.unit.frontend.test_stage2_global_lane.TestF039TopologyIdentitySuppression" name="test_key_reordered_payload_is_still_suppressed" time="0.006" /><testcase classname="src.tests.unit.frontend.test_stage2_global_lane.TestF039TopologyIdentitySuppression" name="test_mount_with_no_prior_value_still_writes" time="0.002" /><testcase classname="src.tests.unit.frontend.test_stage2_global_lane.TestF039TopologyIdentitySuppression" name="test_tab_gate_still_holds" time="0.002" /><testcase classname="src.tests.unit.frontend.test_stage2_global_lane.TestF039TopologyIdentitySuppression" name="test_non_200_leaves_the_store_alone" time="0.002" /><testcase classname="src.tests.unit.frontend.test_stage2_global_lane.TestF039TopologyIdentitySuppression" name="test_store_is_declared_as_state_not_input" time="0.001" /><testcase classname="src.tests.unit.frontend.test_stage2_global_lane.TestF043RawTopologyIdentitySuppression" name="test_identical_fetch_is_no_update" time="0.002" /><testcase classname="src.tests.unit.frontend.test_stage2_global_lane.TestF043RawTopologyIdentitySuppression" name="test_changed_fetch_still_writes" time="0.002" /><testcase classname="src.tests.unit.frontend.test_stage2_global_lane.TestF043RawTopologyIdentitySuppression" name="test_key_reordered_payload_is_still_suppressed" time="0.002" /><testcase classname="src.tests.unit.frontend.test_stage2_global_lane.TestF043RawTopologyIdentitySuppression" name="test_mount_with_no_prior_value_still_writes" time="0.007" /><testcase classname="src.tests.unit.frontend.test_stage2_global_lane.TestF043RawTopologyIdentitySuppression" name="test_the_store_rides_as_state_not_as_its_own_input" time="0.005" /><testcase classname="src.tests.unit.frontend.test_stage2_global_lane.TestLever3BoundariesCadence" name="test_tabpoll_boundaries_rides_the_slow_lane" time="0.007" /><testcase classname="src.tests.unit.frontend.test_stage2_global_lane.TestLever1StoreHiccupNeverBlanks" name="test_non_200_leaves_the_store_alone" time="0.002" /><testcase classname="src.tests.unit.frontend.test_stage2_global_lane.TestLever1StoreHiccupNeverBlanks" name="test_rate_limit_leaves_the_store_alone" time="0.002" /><testcase classname="src.tests.unit.frontend.test_stage2_global_lane.TestLever1StoreHiccupNeverBlanks" name="test_timeout_leaves_the_store_alone" time="0.004" /><testcase classname="src.tests.unit.frontend.test_stage2_global_lane.TestLever1StoreHiccupNeverBlanks" name="test_connection_error_leaves_the_store_alone" time="0.003" /><testcase classname="src.tests.unit.frontend.test_stage2_global_lane.TestLever1StoreHiccupNeverBlanks" name="test_generic_exception_leaves_the_store_alone" time="0.001" /><testcase classname="src.tests.unit.frontend.test_stage2_global_lane.TestLever1StatusCoercionThenSuppress" name="test_truthy_int_and_missing_phase_normalize" time="0.003" /><testcase classname="src.tests.unit.frontend.test_stage2_global_lane.TestLever1StatusCoercionThenSuppress" name="test_normalized_payload_suppresses_against_typed_prev" time="0.003" /><testcase classname="src.tests.unit.frontend.test_stage2_global_lane.TestLever1StatusCoercionThenSuppress" name="test_real_transition_still_writes" time="0.003" /><testcase classname="src.tests.unit.frontend.test_stage2_global_lane.TestLever1SystemPanelsFailureIsolation" name="test_timeout_isolates_banner_and_info_from_details_health" time="0.003" /><testcase classname="src.tests.unit.frontend.test_stage2_global_lane.TestLever1SystemPanelsFailureIsolation" name="test_non_200_isolates_banner_and_info_from_details_health" time="0.004" /><testcase classname="src.tests.unit.frontend.test_stage2_global_lane.TestLever1SystemPanelsFailureIsolation" name="test_json_decode_failure_isolates_banner_and_info" time="0.004" /><testcase classname="src.tests.unit.frontend.test_idle_dispatch_cuts.TestEveryIntervalHasAConsumer" name="test_every_interval_has_a_consumer" time="0.148"><failure message="AssertionError: Intervals with no consumer tick forever for nothing (each tick is a store update that re-runs the page's selectors): ['status-bar-interval']&#10;assert not ['status-bar-interval']">src/tests/unit/frontend/test_idle_dispatch_cuts.py:116: in test_every_interval_has_a_consumer
    assert not dead, f"Intervals with no consumer tick forever for nothing (each tick is a store update that re-runs the page's selectors): {dead}"
E   AssertionError: Intervals with no consumer tick forever for nothing (each tick is a store update that re-runs the page's selectors): ['status-bar-interval']
E   assert not ['status-bar-interval']</failure></testcase><testcase classname="src.tests.unit.frontend.test_idle_dispatch_cuts.TestEveryIntervalHasAConsumer" name="test_the_metrics_panel_has_no_update_interval" time="0.010" /><testcase classname="src.tests.unit.frontend.test_idle_dispatch_cuts.TestWeightDrainGate" name="test_the_drain_ships_disabled" time="0.010" /><testcase classname="src.tests.unit.frontend.test_idle_dispatch_cuts.TestWeightDrainGate" name="test_one_writer_of_disabled_and_it_is_the_clientside_gate" time="0.001" /><testcase classname="src.tests.unit.frontend.test_idle_dispatch_cuts.TestWeightDrainGate" name="test_the_drain_is_not_in_the_tab_gate" time="0.001" /><testcase classname="src.tests.unit.frontend.test_idle_dispatch_cuts.TestWeightDrainGate" name="test_no_pending_callback_can_hold_the_gate" time="0.001" /><testcase classname="src.tests.unit.frontend.test_idle_dispatch_cuts.TestWeightDrainGate" name="test_the_gate_is_the_registered_function" time="0.004" /><testcase classname="src.tests.unit.frontend.test_idle_dispatch_cuts.TestWeightDrainGateRule" name="test_disabled_unless_a_session_exists" time="0.047" /><testcase classname="src.tests.unit.frontend.test_idle_dispatch_cuts" name="test_register_callbacks_still_builds_on_a_bare_app" time="0.027" /></testsuite></testsuites>